1610425844.862693 client started (4972): version 2.8, socket /tmp//tmux-1000/default, protocol 8
1610425844.862874 on Linux 4.19.0-13-amd64 #1 SMP Debian 4.19.160-2 (2020-11-28); libevent 2.1.8-stable (poll)
1610425844.863011 socket is /tmp//tmux-1000/default
1610425844.863066 trying connect
1610425844.863487 add peer 0x55acbafe2a40: 6 ((nil))
1610425844.863667 sending message 100 to peer 0x55acbafe2a40 (4 bytes)
1610425844.863690 sending message 101 to peer 0x55acbafe2a40 (16 bytes)
1610425844.863703 sending message 102 to peer 0x55acbafe2a40 (11 bytes)
1610425844.863716 sending message 108 to peer 0x55acbafe2a40 (33 bytes)
1610425844.863730 sending message 104 to peer 0x55acbafe2a40 (0 bytes)
1610425844.863745 sending message 107 to peer 0x55acbafe2a40 (4 bytes)
1610425844.863757 sending message 105 to peer 0x55acbafe2a40 (16 bytes)
1610425844.863770 sending message 105 to peer 0x55acbafe2a40 (82 bytes)
1610425844.863783 sending message 105 to peer 0x55acbafe2a40 (18 bytes)
1610425844.863801 sending message 105 to peer 0x55acbafe2a40 (19 bytes)
1610425844.863813 sending message 105 to peer 0x55acbafe2a40 (25 bytes)
1610425844.863826 sending message 105 to peer 0x55acbafe2a40 (20 bytes)
1610425844.863838 sending message 105 to peer 0x55acbafe2a40 (25 bytes)
1610425844.863850 sending message 105 to peer 0x55acbafe2a40 (58 bytes)
1610425844.863863 sending message 105 to peer 0x55acbafe2a40 (58 bytes)
1610425844.863878 sending message 105 to peer 0x55acbafe2a40 (22 bytes)
1610425844.863890 sending message 105 to peer 0x55acbafe2a40 (36 bytes)
1610425844.863902 sending message 105 to peer 0x55acbafe2a40 (48 bytes)
1610425844.863915 sending message 105 to peer 0x55acbafe2a40 (33 bytes)
1610425844.863927 sending message 105 to peer 0x55acbafe2a40 (20 bytes)
1610425844.863939 sending message 105 to peer 0x55acbafe2a40 (28 bytes)
1610425844.863951 sending message 105 to peer 0x55acbafe2a40 (15 bytes)
1610425844.863963 sending message 105 to peer 0x55acbafe2a40 (37 bytes)
1610425844.863975 sending message 105 to peer 0x55acbafe2a40 (37 bytes)
1610425844.863987 sending message 105 to peer 0x55acbafe2a40 (11 bytes)
1610425844.863999 sending message 105 to peer 0x55acbafe2a40 (21 bytes)
1610425844.864011 sending message 105 to peer 0x55acbafe2a40 (32 bytes)
1610425844.864023 sending message 105 to peer 0x55acbafe2a40 (46 bytes)
1610425844.864035 sending message 105 to peer 0x55acbafe2a40 (14 bytes)
1610425844.864048 sending message 105 to peer 0x55acbafe2a40 (17 bytes)
1610425844.864061 sending message 105 to peer 0x55acbafe2a40 (1506 bytes)
1610425844.864094 sending message 105 to peer 0x55acbafe2a40 (25 bytes)
1610425844.864109 sending message 105 to peer 0x55acbafe2a40 (17 bytes)
1610425844.864121 sending message 105 to peer 0x55acbafe2a40 (52 bytes)
1610425844.864134 sending message 105 to peer 0x55acbafe2a40 (21 bytes)
1610425844.864147 sending message 105 to peer 0x55acbafe2a40 (22 bytes)
1610425844.864159 sending message 105 to peer 0x55acbafe2a40 (23 bytes)
1610425844.864172 sending message 105 to peer 0x55acbafe2a40 (21 bytes)
1610425844.864185 sending message 105 to peer 0x55acbafe2a40 (8 bytes)
1610425844.864198 sending message 105 to peer 0x55acbafe2a40 (13 bytes)
1610425844.864210 sending message 105 to peer 0x55acbafe2a40 (13 bytes)
1610425844.864222 sending message 105 to peer 0x55acbafe2a40 (8 bytes)
1610425844.864235 sending message 105 to peer 0x55acbafe2a40 (14 bytes)
1610425844.864247 sending message 105 to peer 0x55acbafe2a40 (11 bytes)
1610425844.864259 sending message 105 to peer 0x55acbafe2a40 (17 bytes)
1610425844.864271 sending message 105 to peer 0x55acbafe2a40 (20 bytes)
1610425844.864284 sending message 105 to peer 0x55acbafe2a40 (31 bytes)
1610425844.864296 sending message 105 to peer 0x55acbafe2a40 (20 bytes)
1610425844.864308 sending message 105 to peer 0x55acbafe2a40 (72 bytes)
1610425844.864321 sending message 105 to peer 0x55acbafe2a40 (196 bytes)
1610425844.864334 sending message 105 to peer 0x55acbafe2a40 (28 bytes)
1610425844.864346 sending message 105 to peer 0x55acbafe2a40 (54 bytes)
1610425844.864364 sending message 105 to peer 0x55acbafe2a40 (49 bytes)
1610425844.864382 sending message 105 to peer 0x55acbafe2a40 (16 bytes)
1610425844.864390 sending message 105 to peer 0x55acbafe2a40 (16 bytes)
1610425844.864397 sending message 106 to peer 0x55acbafe2a40 (0 bytes)
1610425844.864405 sending message 200 to peer 0x55acbafe2a40 (4 bytes)
1610425844.864412 client loop enter
1610425844.865037 peer 0x55acbafe2a40 message 211
1610425844.865060 client_write: sessions should be nested with care, unset $TMUX to force\n
1610425844.865082 peer 0x55acbafe2a40 message 203
1610425844.865091 client loop exit
